[2026-07-19T14:14:10-07:00] === THINKING-ON LADDER START branch=main ===
[2026-07-19T14:14:10-07:00] START tag=T0 branch=main bin=/home/antmi/lemon-mlx-engine/build/server-main-equiv env=MLX_DECODE_GRAPH_PURE_OFF=1 MLX_SYNC_DECODE=1 args=
[2026-07-19T14:14:10-07:00] pid=1246355
[2026-07-19T14:14:19-07:00] health ok attempt=4
[2026-07-19T14:14:19-07:00] REQUEST T0-short max_tokens=1024 -> /home/antmi/lemon-mlx-engine/docs/experiments/gibberish-isolation-thinking-on-2026-07-19/main/raw/T0-short.json
[2026-07-19T14:14:55-07:00] RESPONSE T0-short http=200 size=4009
OK finish=stop chars=3543
[2026-07-19T14:14:55-07:00] REQUEST T0-long max_tokens=1600 -> /home/antmi/lemon-mlx-engine/docs/experiments/gibberish-isolation-thinking-on-2026-07-19/main/raw/T0-long.json
[2026-07-19T14:15:49-07:00] RESPONSE T0-long http=200 size=4653
OK finish=length chars=4003
[2026-07-19T14:15:49-07:00] Stopping server pid=1246355
[2026-07-19T14:15:50-07:00] START tag=T2 branch=main bin=/home/antmi/lemon-mlx-engine/build/server-main-equiv env=(defaults) args=
[2026-07-19T14:15:50-07:00] pid=1254600
[2026-07-19T14:15:59-07:00] health ok attempt=4
[2026-07-19T14:15:59-07:00] REQUEST T2-short max_tokens=1024 -> /home/antmi/lemon-mlx-engine/docs/experiments/gibberish-isolation-thinking-on-2026-07-19/main/raw/T2-short.json
[2026-07-19T14:16:43-07:00] RESPONSE T2-short http=200 size=3883
OK finish=stop chars=3403
[2026-07-19T14:16:43-07:00] REQUEST T2-long max_tokens=1600 -> /home/antmi/lemon-mlx-engine/docs/experiments/gibberish-isolation-thinking-on-2026-07-19/main/raw/T2-long.json
[2026-07-19T14:17:12-07:00] RESPONSE T2-long http=200 size=2113
OK finish=stop chars=1253
[2026-07-19T14:17:12-07:00] Stopping server pid=1254600
[2026-07-19T14:17:13-07:00] START tag=T4 branch=main bin=/home/antmi/lemon-mlx-engine/build/server-main-equiv env=MLX_DECODE_GRAPH_PURE_OFF=1 MLX_SYNC_DECODE=1 args=--use-mtp
[2026-07-19T14:17:13-07:00] pid=1261462
[2026-07-19T14:17:40-07:00] health ok attempt=10
[2026-07-19T14:17:40-07:00] REQUEST T4-short-mtp max_tokens=1024 -> /home/antmi/lemon-mlx-engine/docs/experiments/gibberish-isolation-thinking-on-2026-07-19/main/raw/T4-short-mtp.json
[2026-07-19T14:17:41-07:00] RESPONSE T4-short-mtp http=500 size=133
OK finish=error chars=159
[2026-07-19T14:17:41-07:00] REQUEST T4-long-mtp max_tokens=1600 -> /home/antmi/lemon-mlx-engine/docs/experiments/gibberish-isolation-thinking-on-2026-07-19/main/raw/T4-long-mtp.json
[2026-07-19T14:17:42-07:00] RESPONSE T4-long-mtp http=500 size=133
OK finish=error chars=159
rows 6
[2026-07-19T14:17:42-07:00] === COMPLETE branch=main results=/home/antmi/lemon-mlx-engine/docs/experiments/gibberish-isolation-thinking-on-2026-07-19/main/RESULTS.md ===
[2026-07-19T14:17:42-07:00] Stopping server pid=1261462
